<?xml version="1.0" encoding="UTF-8"?>
<testsuite xmlns:xsi="http://www.w3.org/2001/XMLSchema-instance" xsi:noNamespaceSchemaLocation="https://maven.apache.org/surefire/maven-surefire-plugin/xsd/surefire-test-report.xsd" name="hn.uth.aplicacion_simple_maven_consola.AppTest" time="0.129" tests="18" errors="0" skipped="0" failures="0">
  <properties>
    <property name="java.specification.version" value="17"/>
    <property name="sun.cpu.isalist" value="amd64"/>
    <property name="sun.jnu.encoding" value="Cp1252"/>
    <property name="java.class.path" value="C:\Users\Enuel Cruz\eclipse-workspace\Projects\PAvanzada2-2023\aplicacion-simple-maven-consola\target\test-classes;C:\Users\Enuel Cruz\eclipse-workspace\Projects\PAvanzada2-2023\aplicacion-simple-maven-consola\target\classes;C:\Users\Enuel Cruz\.m2\repository\junit\junit\4.13.2\junit-4.13.2.jar;C:\Users\Enuel Cruz\.m2\repository\org\hamcrest\hamcrest-core\1.3\hamcrest-core-1.3.jar;"/>
    <property name="java.vm.vendor" value="Oracle Corporation"/>
    <property name="sun.arch.data.model" value="64"/>
    <property name="user.variant" value=""/>
    <property name="java.vendor.url" value="https://java.oracle.com/"/>
    <property name="user.timezone" value="America/Guatemala"/>
    <property name="os.name" value="Windows 10"/>
    <property name="java.vm.specification.version" value="17"/>
    <property name="sun.java.launcher" value="SUN_STANDARD"/>
    <property name="user.country" value="ES"/>
    <property name="sun.boot.library.path" value="C:\Program Files\Java\jdk-17\bin"/>
    <property name="sun.java.command" value="C:\Users\ENUELC~1\AppData\Local\Temp\surefire9363341422018409773\surefirebooter131777129419466111.jar C:\Users\Enuel Cruz\AppData\Local\Temp\surefire9363341422018409773 2023-06-10T22-27-51_212-jvmRun1 surefire5398459312533435489tmp surefire_015736020789804453499tmp"/>
    <property name="jdk.debug" value="release"/>
    <property name="surefire.test.class.path" value="C:\Users\Enuel Cruz\eclipse-workspace\Projects\PAvanzada2-2023\aplicacion-simple-maven-consola\target\test-classes;C:\Users\Enuel Cruz\eclipse-workspace\Projects\PAvanzada2-2023\aplicacion-simple-maven-consola\target\classes;C:\Users\Enuel Cruz\.m2\repository\junit\junit\4.13.2\junit-4.13.2.jar;C:\Users\Enuel Cruz\.m2\repository\org\hamcrest\hamcrest-core\1.3\hamcrest-core-1.3.jar;"/>
    <property name="sun.cpu.endian" value="little"/>
    <property name="user.home" value="C:\Users\Enuel Cruz"/>
    <property name="user.language" value="es"/>
    <property name="java.specification.vendor" value="Oracle Corporation"/>
    <property name="java.version.date" value="2023-04-18"/>
    <property name="java.home" value="C:\Program Files\Java\jdk-17"/>
    <property name="file.separator" value="\"/>
    <property name="style.color" value="always"/>
    <property name="basedir" value="C:\Users\Enuel Cruz\eclipse-workspace\Projects\PAvanzada2-2023\aplicacion-simple-maven-consola"/>
    <property name="java.vm.compressedOopsMode" value="Zero based"/>
    <property name="line.separator" value="&#10;"/>
    <property name="java.vm.specification.vendor" value="Oracle Corporation"/>
    <property name="java.specification.name" value="Java Platform API Specification"/>
    <property name="surefire.real.class.path" value="C:\Users\ENUELC~1\AppData\Local\Temp\surefire9363341422018409773\surefirebooter131777129419466111.jar"/>
    <property name="user.script" value=""/>
    <property name="sun.management.compiler" value="HotSpot 64-Bit Tiered Compilers"/>
    <property name="java.runtime.version" value="17.0.7+8-LTS-224"/>
    <property name="user.name" value="Enuel Cruz"/>
    <property name="path.separator" value=";"/>
    <property name="os.version" value="10.0"/>
    <property name="java.runtime.name" value="Java(TM) SE Runtime Environment"/>
    <property name="file.encoding" value="Cp1252"/>
    <property name="java.vm.name" value="Java HotSpot(TM) 64-Bit Server VM"/>
    <property name="localRepository" value="C:\Users\Enuel Cruz\.m2\repository"/>
    <property name="java.vendor.url.bug" value="https://bugreport.java.com/bugreport/"/>
    <property name="java.io.tmpdir" value="C:\Users\ENUELC~1\AppData\Local\Temp\"/>
    <property name="java.version" value="17.0.7"/>
    <property name="user.dir" value="C:\Users\Enuel Cruz\eclipse-workspace\Projects\PAvanzada2-2023\aplicacion-simple-maven-consola"/>
    <property name="os.arch" value="amd64"/>
    <property name="java.vm.specification.name" value="Java Virtual Machine Specification"/>
    <property name="sun.os.patch.level" value=""/>
    <property name="native.encoding" value="Cp1252"/>
    <property name="java.library.path" value="C:\Program Files\Java\jdk-17\bin;C:\WINDOWS\Sun\Java\bin;C:\WINDOWS\system32;C:\WINDOWS;C:\Program Files\Common Files\Oracle\Java\javapath;C:\Windows\system32;C:\Windows;C:\Windows\System32\Wbem;C:\Windows\System32\WindowsPowerShell\v1.0\;C:\Program Files (x86)\NVIDIA Corporation\PhysX\Common;C:\WINDOWS\system32;C:\WINDOWS;C:\WINDOWS\System32\Wbem;C:\WINDOWS\System32\WindowsPowerShell\v1.0\;C:\WINDOWS\System32\OpenSSH\;C:\Program Files\Microsoft SQL Server\110\Tools\Binn\;C:\Program Files\NVIDIA Corporation\NVIDIA NvDLISR;C:\Program Files\Microsoft SQL Server\Client SDK\ODBC\170\Tools\Binn\;C:\Program Files (x86)\Microsoft SQL Server\150\Tools\Binn\;C:\Program Files\Microsoft SQL Server\150\Tools\Binn\;C:\Program Files\Microsoft SQL Server\150\DTS\Binn\;C:\Program Files (x86)\Microsoft SQL Server\150\DTS\Binn\;C:\Maven\bin;C:\Program Files\Git\cmd;C:\Users\Enuel Cruz\AppData\Local\Microsoft\WindowsApps;C:\Program Files\Azure Data Studio\bin;C:\Users\Enuel Cruz\AppData\Local\GitHubDesktop\bin;."/>
    <property name="java.vm.info" value="mixed mode, sharing"/>
    <property name="java.vendor" value="Oracle Corporation"/>
    <property name="java.vm.version" value="17.0.7+8-LTS-224"/>
    <property name="sun.io.unicode.encoding" value="UnicodeLittle"/>
    <property name="java.class.version" value="61.0"/>
  </properties>
  <testcase name="testDivi1" classname="hn.uth.aplicacion_simple_maven_consola.AppTest" time="0.01"/>
  <testcase name="testDivi2" classname="hn.uth.aplicacion_simple_maven_consola.AppTest" time="0"/>
  <testcase name="testDivi3" classname="hn.uth.aplicacion_simple_maven_consola.AppTest" time="0.001"/>
  <testcase name="testDivi4" classname="hn.uth.aplicacion_simple_maven_consola.AppTest" time="0.001"/>
  <testcase name="testDivi5" classname="hn.uth.aplicacion_simple_maven_consola.AppTest" time="0"/>
  <testcase name="testSuma1" classname="hn.uth.aplicacion_simple_maven_consola.AppTest" time="0.001"/>
  <testcase name="testSuma2" classname="hn.uth.aplicacion_simple_maven_consola.AppTest" time="0"/>
  <testcase name="testSuma4" classname="hn.uth.aplicacion_simple_maven_consola.AppTest" time="0.001"/>
  <testcase name="testSum3" classname="hn.uth.aplicacion_simple_maven_consola.AppTest" time="0"/>
  <testcase name="testRestaNegativos" classname="hn.uth.aplicacion_simple_maven_consola.AppTest" time="0"/>
  <testcase name="testMulti1" classname="hn.uth.aplicacion_simple_maven_consola.AppTest" time="0"/>
  <testcase name="testMulti2" classname="hn.uth.aplicacion_simple_maven_consola.AppTest" time="0.001"/>
  <testcase name="testMulti3" classname="hn.uth.aplicacion_simple_maven_consola.AppTest" time="0.001"/>
  <testcase name="testMulti4" classname="hn.uth.aplicacion_simple_maven_consola.AppTest" time="0"/>
  <testcase name="testMulti5" classname="hn.uth.aplicacion_simple_maven_consola.AppTest" time="0.001"/>
  <testcase name="testResta1" classname="hn.uth.aplicacion_simple_maven_consola.AppTest" time="0.004"/>
  <testcase name="testResta2" classname="hn.uth.aplicacion_simple_maven_consola.AppTest" time="0"/>
  <testcase name="testRestaDecimales" classname="hn.uth.aplicacion_simple_maven_consola.AppTest" time="0.001"/>
</testsuite>